{
  "RSpec": {
    "coverage": {
      "/Users/rickbutton/code/portfolio/app/controllers/application_controller.rb": [
        1,
        null,
        null,
        1,
        null
      ],
      "/Users/rickbutton/code/portfolio/app/helpers/application_helper.rb": [
        1,
        null
      ],
      "/Users/rickbutton/code/portfolio/app/models/admin_user.rb": [
        1,
        null,
        null,
        1,
        null,
        null
      ],
      "/Users/rickbutton/code/portfolio/app/models/item.rb": [
        1,
        null,
        1,
        null,
        1,
        null,
        null,
        null,
        1,
        1,
        null,
        null,
        1,
        130,
        null,
        null,
        null
      ],
      "/Users/rickbutton/code/portfolio/app/controllers/items_controller.rb": [
        1,
        null,
        1,
        1,
        1,
        null,
        1,
        3,
        3,
        3,
        4,
        null,
        null,
        null,
        1,
        3,
        3,
        4,
        null,
        null,
        null,
        1,
        2,
        1,
        null,
        1,
        2,
        null,
        null,
        null,
        1,
        2,
        1,
        null,
        null,
        1,
        2,
        null,
        null,
        null,
        1,
        null,
        1,
        4,
        null,
        null,
        1,
        9,
        null,
        null,
        1,
        6,
        6,
        null,
        null,
        null
      ],
      "/Users/rickbutton/code/portfolio/app/models/directory_entry.rb": [
        1,
        null,
        1,
        1,
        1,
        null,
        null,
        1,
        null,
        1,
        null,
        1,
        1712,
        1712,
        1712,
        1712,
        1712,
        null,
        null,
        1,
        24,
        24,
        62,
        32,
        16,
        6,
        null,
        10,
        10,
        null,
        null,
        null,
        30,
        6,
        null,
        null,
        null,
        null,
        null,
        null,
        1,
        101,
        null,
        null,
        1,
        67,
        67,
        67,
        null,
        null,
        null,
        1,
        null,
        null,
        null,
        null,
        null,
        null,
        61,
        null,
        null,
        1,
        53,
        null,
        null
      ],
      "/Users/rickbutton/code/portfolio/app/models/file_entry.rb": [
        1,
        null,
        1,
        1,
        1,
        null,
        1,
        null,
        1,
        1583,
        1583,
        1583,
        1583,
        null,
        null,
        1,
        119,
        null,
        null,
        1,
        57,
        57,
        57,
        null,
        null,
        1,
        1,
        null,
        null,
        1,
        null,
        null,
        null,
        null,
        null,
        56,
        null,
        null,
        1,
        52,
        null,
        null,
        null,
        null
      ],
      "/Users/rickbutton/code/portfolio/app/serializers/item_serializer.rb": [
        1,
        1,
        null,
        1,
        null,
        1,
        3,
        null,
        null,
        null,
        null
      ],
      "/Users/rickbutton/code/portfolio/app/serializers/file_entry_content_serializer.rb": [
        1,
        1,
        null
      ],
      "/Users/rickbutton/code/portfolio/app/serializers/directory_entry_serializer.rb": [
        1,
        null,
        1,
        1,
        null,
        null,
        null
      ]
    },
    "timestamp": 1383623169
  }
}
